<?xml version="1.0" encoding="UTF-8" ?>
<testsuite tests="4" failures="0" name="com.stoneydata.rover.TestTicTackToeShould" time="0.01" errors="0" skipped="0">
  <properties>
[...]
</properties>
  <testcase classname="com.stoneydata.rover.TestTicTackToeShould" name="secondPlayerShouldBeO" time="0.006"/>
  <testcase classname="com.stoneydata.rover.TestTicTackToeShould" name="firstPlayerShouldBeX" time="0.004"/>
  <testcase classname="com.stoneydata.rover.TestTicTackToeShould" name="horizontal_win" time="0"/>
  <testcase classname="com.stoneydata.rover.TestTicTackToeShould" name="playerAlternate" time="0"/>
</testsuite>